nov 26, 2018 3:45:24 PM it.unitn.ds1.VirtualSynchrony main
INFORMAZIONI: Start Log
nov 26, 2018 3:45:30 PM it.unitn.ds1.VirtualSynchrony$Node onViewUpdate
INFORMAZIONI: 1: install View 1: [0, 1]
nov 26, 2018 3:45:30 PM it.unitn.ds1.VirtualSynchrony$Node onViewUpdate
INFORMAZIONI: 0: install View 1: [0, 1]
nov 26, 2018 3:45:30 PM it.unitn.ds1.VirtualSynchrony$Node onViewUpdate
INFORMAZIONI: 2: install View 2: [0, 1, 2]
nov 26, 2018 3:45:30 PM it.unitn.ds1.VirtualSynchrony$Node onViewUpdate
INFORMAZIONI: 0: install View 2: [0, 1, 2]
nov 26, 2018 3:45:30 PM it.unitn.ds1.VirtualSynchrony$Node onViewUpdate
INFORMAZIONI: 1: install View 2: [0, 1, 2]
nov 26, 2018 3:45:31 PM it.unitn.ds1.VirtualSynchrony$Node sendMessage
INFORMAZIONI: 2: send multicast 0 within 2
nov 26, 2018 3:45:32 PM it.unitn.ds1.VirtualSynchrony$Node deliver
INFORMAZIONI:  0: deliver multicast 0 from 2 within 2
nov 26, 2018 3:45:32 PM it.unitn.ds1.VirtualSynchrony$Node deliver
INFORMAZIONI:  1: deliver multicast 0 from 2 within 2
nov 26, 2018 3:45:33 PM it.unitn.ds1.VirtualSynchrony$Node sendMessage
INFORMAZIONI: 0: send multicast 1 within 2
nov 26, 2018 3:45:33 PM it.unitn.ds1.VirtualSynchrony$Node deliver
INFORMAZIONI:  1: deliver multicast 1 from 0 within 2
nov 26, 2018 3:45:33 PM it.unitn.ds1.VirtualSynchrony$Node deliver
INFORMAZIONI:  2: deliver multicast 1 from 0 within 2
nov 26, 2018 3:45:34 PM it.unitn.ds1.VirtualSynchrony$Node sendMessage
INFORMAZIONI: 1: send multicast 2 within 2
nov 26, 2018 3:45:34 PM it.unitn.ds1.VirtualSynchrony$Node deliver
INFORMAZIONI:  2: deliver multicast 2 from 1 within 2
nov 26, 2018 3:45:34 PM it.unitn.ds1.VirtualSynchrony$Node deliver
INFORMAZIONI:  0: deliver multicast 2 from 1 within 2
nov 26, 2018 3:45:36 PM it.unitn.ds1.VirtualSynchrony$Node sendMessage
INFORMAZIONI: 2: send multicast 3 within 2
nov 26, 2018 3:45:36 PM it.unitn.ds1.VirtualSynchrony$Node deliver
INFORMAZIONI:  0: deliver multicast 3 from 2 within 2
nov 26, 2018 3:45:36 PM it.unitn.ds1.VirtualSynchrony$Node deliver
INFORMAZIONI:  1: deliver multicast 3 from 2 within 2
nov 26, 2018 3:45:39 PM it.unitn.ds1.VirtualSynchrony$Node sendMessage
INFORMAZIONI: 0: send multicast 4 within 2
nov 26, 2018 3:45:39 PM it.unitn.ds1.VirtualSynchrony$Node deliver
INFORMAZIONI:  1: deliver multicast 4 from 0 within 2
nov 26, 2018 3:45:39 PM it.unitn.ds1.VirtualSynchrony$Node deliver
INFORMAZIONI:  2: deliver multicast 4 from 0 within 2
nov 26, 2018 3:45:39 PM it.unitn.ds1.VirtualSynchrony$Node sendMessage
INFORMAZIONI: 1: send multicast 5 within 2
nov 26, 2018 3:45:39 PM it.unitn.ds1.VirtualSynchrony$Node deliver
INFORMAZIONI:  0: deliver multicast 5 from 1 within 2
nov 26, 2018 3:45:39 PM it.unitn.ds1.VirtualSynchrony$Node deliver
INFORMAZIONI:  2: deliver multicast 5 from 1 within 2
nov 26, 2018 3:45:39 PM it.unitn.ds1.VirtualSynchrony$Node sendMessage
INFORMAZIONI: 2: send multicast 6 within 2
nov 26, 2018 3:45:39 PM it.unitn.ds1.VirtualSynchrony$Node deliver
INFORMAZIONI:  1: deliver multicast 6 from 2 within 2
nov 26, 2018 3:45:39 PM it.unitn.ds1.VirtualSynchrony$Node deliver
INFORMAZIONI:  0: deliver multicast 6 from 2 within 2
nov 26, 2018 3:45:41 PM it.unitn.ds1.VirtualSynchrony$Node sendMessage
INFORMAZIONI: 2: send multicast 7 within 2
nov 26, 2018 3:45:41 PM it.unitn.ds1.VirtualSynchrony$Node deliver
INFORMAZIONI:  1: deliver multicast 7 from 2 within 2
nov 26, 2018 3:45:41 PM it.unitn.ds1.VirtualSynchrony$Node deliver
INFORMAZIONI:  0: deliver multicast 7 from 2 within 2
nov 26, 2018 3:45:44 PM it.unitn.ds1.VirtualSynchrony$Node sendMessage
INFORMAZIONI: 1: send multicast 8 within 2
nov 26, 2018 3:45:44 PM it.unitn.ds1.VirtualSynchrony$Node deliver
INFORMAZIONI:  0: deliver multicast 8 from 1 within 2
nov 26, 2018 3:45:44 PM it.unitn.ds1.VirtualSynchrony$Node deliver
INFORMAZIONI:  2: deliver multicast 8 from 1 within 2
nov 26, 2018 3:45:44 PM it.unitn.ds1.VirtualSynchrony$Node sendMessage
INFORMAZIONI: 2: send multicast 9 within 2
nov 26, 2018 3:45:44 PM it.unitn.ds1.VirtualSynchrony$Node deliver
INFORMAZIONI:  0: deliver multicast 9 from 2 within 2
nov 26, 2018 3:45:44 PM it.unitn.ds1.VirtualSynchrony$Node deliver
INFORMAZIONI:  1: deliver multicast 9 from 2 within 2
nov 26, 2018 3:45:45 PM it.unitn.ds1.VirtualSynchrony$Node sendMessage
INFORMAZIONI: 0: send multicast 10 within 2
nov 26, 2018 3:45:45 PM it.unitn.ds1.VirtualSynchrony$Node deliver
INFORMAZIONI:  2: deliver multicast 10 from 0 within 2
nov 26, 2018 3:45:45 PM it.unitn.ds1.VirtualSynchrony$Node deliver
INFORMAZIONI:  1: deliver multicast 10 from 0 within 2
nov 26, 2018 3:45:46 PM it.unitn.ds1.VirtualSynchrony$Node sendMessage
INFORMAZIONI: 2: send multicast 11 within 2
nov 26, 2018 3:45:46 PM it.unitn.ds1.VirtualSynchrony$Node deliver
INFORMAZIONI:  1: deliver multicast 11 from 2 within 2
nov 26, 2018 3:45:46 PM it.unitn.ds1.VirtualSynchrony$Node deliver
INFORMAZIONI:  0: deliver multicast 11 from 2 within 2
nov 26, 2018 3:45:49 PM it.unitn.ds1.VirtualSynchrony$Node sendMessage
INFORMAZIONI: 1: send multicast 12 within 2
nov 26, 2018 3:45:49 PM it.unitn.ds1.VirtualSynchrony$Node deliver
INFORMAZIONI:  0: deliver multicast 12 from 1 within 2
nov 26, 2018 3:45:49 PM it.unitn.ds1.VirtualSynchrony$Node deliver
INFORMAZIONI:  2: deliver multicast 12 from 1 within 2
nov 26, 2018 3:45:49 PM it.unitn.ds1.VirtualSynchrony$Node sendMessage
INFORMAZIONI: 2: send multicast 13 within 2
nov 26, 2018 3:45:49 PM it.unitn.ds1.VirtualSynchrony$Node deliver
INFORMAZIONI:  0: deliver multicast 13 from 2 within 2
nov 26, 2018 3:45:49 PM it.unitn.ds1.VirtualSynchrony$Node deliver
INFORMAZIONI:  1: deliver multicast 13 from 2 within 2
nov 26, 2018 3:45:50 PM it.unitn.ds1.VirtualSynchrony$Node sendMessage
INFORMAZIONI: 0: send multicast 14 within 2
nov 26, 2018 3:45:50 PM it.unitn.ds1.VirtualSynchrony$Node deliver
INFORMAZIONI:  2: deliver multicast 14 from 0 within 2
nov 26, 2018 3:45:50 PM it.unitn.ds1.VirtualSynchrony$Node deliver
INFORMAZIONI:  1: deliver multicast 14 from 0 within 2
nov 26, 2018 3:45:51 PM it.unitn.ds1.VirtualSynchrony$Node sendMessage
INFORMAZIONI: 2: send multicast 15 within 2
nov 26, 2018 3:45:51 PM it.unitn.ds1.VirtualSynchrony$Node deliver
INFORMAZIONI:  1: deliver multicast 15 from 2 within 2
nov 26, 2018 3:45:51 PM it.unitn.ds1.VirtualSynchrony$Node deliver
INFORMAZIONI:  0: deliver multicast 15 from 2 within 2
nov 26, 2018 3:45:53 PM it.unitn.ds1.VirtualSynchrony$Node sendMessage
INFORMAZIONI: 1: send multicast 16 within 2
nov 26, 2018 3:45:53 PM it.unitn.ds1.VirtualSynchrony$Node deliver
INFORMAZIONI:  0: deliver multicast 16 from 1 within 2
nov 26, 2018 3:45:53 PM it.unitn.ds1.VirtualSynchrony$Node deliver
INFORMAZIONI:  2: deliver multicast 16 from 1 within 2
nov 26, 2018 3:45:54 PM it.unitn.ds1.VirtualSynchrony$Node sendMessage
INFORMAZIONI: 2: send multicast 17 within 2
nov 26, 2018 3:45:54 PM it.unitn.ds1.VirtualSynchrony$Node deliver
INFORMAZIONI:  1: deliver multicast 17 from 2 within 2
nov 26, 2018 3:45:54 PM it.unitn.ds1.VirtualSynchrony$Node deliver
INFORMAZIONI:  0: deliver multicast 17 from 2 within 2
nov 26, 2018 3:45:56 PM it.unitn.ds1.VirtualSynchrony$Node sendMessage
INFORMAZIONI: 2: send multicast 18 within 2
nov 26, 2018 3:45:56 PM it.unitn.ds1.VirtualSynchrony$Node deliver
INFORMAZIONI:  0: deliver multicast 18 from 2 within 2
nov 26, 2018 3:45:56 PM it.unitn.ds1.VirtualSynchrony$Node deliver
INFORMAZIONI:  1: deliver multicast 18 from 2 within 2
nov 26, 2018 3:45:56 PM it.unitn.ds1.VirtualSynchrony$Node sendMessage
INFORMAZIONI: 0: send multicast 19 within 2
nov 26, 2018 3:45:56 PM it.unitn.ds1.VirtualSynchrony$Node deliver
INFORMAZIONI:  2: deliver multicast 19 from 0 within 2
nov 26, 2018 3:45:56 PM it.unitn.ds1.VirtualSynchrony$Node deliver
INFORMAZIONI:  1: deliver multicast 19 from 0 within 2
nov 26, 2018 3:45:58 PM it.unitn.ds1.VirtualSynchrony$Node sendMessage
INFORMAZIONI: 1: send multicast 20 within 2
nov 26, 2018 3:45:58 PM it.unitn.ds1.VirtualSynchrony$Node deliver
INFORMAZIONI:  0: deliver multicast 20 from 1 within 2
nov 26, 2018 3:45:58 PM it.unitn.ds1.VirtualSynchrony$Node deliver
INFORMAZIONI:  2: deliver multicast 20 from 1 within 2
nov 26, 2018 3:45:59 PM it.unitn.ds1.VirtualSynchrony$Node sendMessage
INFORMAZIONI: 2: send multicast 21 within 2
nov 26, 2018 3:45:59 PM it.unitn.ds1.VirtualSynchrony$Node deliver
INFORMAZIONI:  0: deliver multicast 21 from 2 within 2
nov 26, 2018 3:45:59 PM it.unitn.ds1.VirtualSynchrony$Node deliver
INFORMAZIONI:  1: deliver multicast 21 from 2 within 2
nov 26, 2018 3:46:01 PM it.unitn.ds1.VirtualSynchrony$Node sendMessage
INFORMAZIONI: 2: send multicast 22 within 2
nov 26, 2018 3:46:01 PM it.unitn.ds1.VirtualSynchrony$Node deliver
INFORMAZIONI:  0: deliver multicast 22 from 2 within 2
nov 26, 2018 3:46:01 PM it.unitn.ds1.VirtualSynchrony$Node deliver
INFORMAZIONI:  1: deliver multicast 22 from 2 within 2
nov 26, 2018 3:46:02 PM it.unitn.ds1.VirtualSynchrony$Node sendMessage
INFORMAZIONI: 0: send multicast 23 within 2
nov 26, 2018 3:46:02 PM it.unitn.ds1.VirtualSynchrony$Node deliver
INFORMAZIONI:  1: deliver multicast 23 from 0 within 2
nov 26, 2018 3:46:02 PM it.unitn.ds1.VirtualSynchrony$Node deliver
INFORMAZIONI:  2: deliver multicast 23 from 0 within 2
nov 26, 2018 3:46:03 PM it.unitn.ds1.VirtualSynchrony$Node sendMessage
INFORMAZIONI: 1: send multicast 24 within 2
nov 26, 2018 3:46:03 PM it.unitn.ds1.VirtualSynchrony$Node deliver
INFORMAZIONI:  2: deliver multicast 24 from 1 within 2
nov 26, 2018 3:46:03 PM it.unitn.ds1.VirtualSynchrony$Node deliver
INFORMAZIONI:  0: deliver multicast 24 from 1 within 2
nov 26, 2018 3:46:04 PM it.unitn.ds1.VirtualSynchrony$Node sendMessage
INFORMAZIONI: 2: send multicast 25 within 2
nov 26, 2018 3:46:04 PM it.unitn.ds1.VirtualSynchrony$Node deliver
INFORMAZIONI:  0: deliver multicast 25 from 2 within 2
nov 26, 2018 3:46:04 PM it.unitn.ds1.VirtualSynchrony$Node deliver
INFORMAZIONI:  1: deliver multicast 25 from 2 within 2
nov 26, 2018 3:46:06 PM it.unitn.ds1.VirtualSynchrony$Node sendMessage
INFORMAZIONI: 2: send multicast 26 within 2
nov 26, 2018 3:46:06 PM it.unitn.ds1.VirtualSynchrony$Node deliver
INFORMAZIONI:  1: deliver multicast 26 from 2 within 2
nov 26, 2018 3:46:06 PM it.unitn.ds1.VirtualSynchrony$Node deliver
INFORMAZIONI:  0: deliver multicast 26 from 2 within 2
nov 26, 2018 3:46:08 PM it.unitn.ds1.VirtualSynchrony$Node sendMessage
INFORMAZIONI: 0: send multicast 27 within 2
nov 26, 2018 3:46:08 PM it.unitn.ds1.VirtualSynchrony$Node deliver
INFORMAZIONI:  1: deliver multicast 27 from 0 within 2
nov 26, 2018 3:46:08 PM it.unitn.ds1.VirtualSynchrony$Node deliver
INFORMAZIONI:  2: deliver multicast 27 from 0 within 2
nov 26, 2018 3:46:08 PM it.unitn.ds1.VirtualSynchrony$Node sendMessage
INFORMAZIONI: 1: send multicast 28 within 2
nov 26, 2018 3:46:08 PM it.unitn.ds1.VirtualSynchrony$Node deliver
INFORMAZIONI:  2: deliver multicast 28 from 1 within 2
nov 26, 2018 3:46:08 PM it.unitn.ds1.VirtualSynchrony$Node deliver
INFORMAZIONI:  0: deliver multicast 28 from 1 within 2
nov 26, 2018 3:46:09 PM it.unitn.ds1.VirtualSynchrony$Node sendMessage
INFORMAZIONI: 2: send multicast 29 within 2
nov 26, 2018 3:46:09 PM it.unitn.ds1.VirtualSynchrony$Node deliver
INFORMAZIONI:  0: deliver multicast 29 from 2 within 2
nov 26, 2018 3:46:09 PM it.unitn.ds1.VirtualSynchrony$Node deliver
INFORMAZIONI:  1: deliver multicast 29 from 2 within 2
nov 26, 2018 3:46:11 PM it.unitn.ds1.VirtualSynchrony$Node sendMessage
INFORMAZIONI: 2: send multicast 30 within 2
nov 26, 2018 3:46:11 PM it.unitn.ds1.VirtualSynchrony$Node deliver
INFORMAZIONI:  1: deliver multicast 30 from 2 within 2
nov 26, 2018 3:46:11 PM it.unitn.ds1.VirtualSynchrony$Node deliver
INFORMAZIONI:  0: deliver multicast 30 from 2 within 2
nov 26, 2018 3:46:13 PM it.unitn.ds1.VirtualSynchrony$Node sendMessage
INFORMAZIONI: 1: send multicast 31 within 2
nov 26, 2018 3:46:13 PM it.unitn.ds1.VirtualSynchrony$Node deliver
INFORMAZIONI:  0: deliver multicast 31 from 1 within 2
nov 26, 2018 3:46:13 PM it.unitn.ds1.VirtualSynchrony$Node deliver
INFORMAZIONI:  2: deliver multicast 31 from 1 within 2
nov 26, 2018 3:46:14 PM it.unitn.ds1.VirtualSynchrony$Node sendMessage
INFORMAZIONI: 2: send multicast 32 within 2
nov 26, 2018 3:46:14 PM it.unitn.ds1.VirtualSynchrony$Node deliver
INFORMAZIONI:  0: deliver multicast 32 from 2 within 2
nov 26, 2018 3:46:14 PM it.unitn.ds1.VirtualSynchrony$Node deliver
INFORMAZIONI:  1: deliver multicast 32 from 2 within 2
nov 26, 2018 3:46:14 PM it.unitn.ds1.VirtualSynchrony$Node sendMessage
INFORMAZIONI: 0: send multicast 33 within 2
nov 26, 2018 3:46:14 PM it.unitn.ds1.VirtualSynchrony$Node deliver
INFORMAZIONI:  1: deliver multicast 33 from 0 within 2
nov 26, 2018 3:46:14 PM it.unitn.ds1.VirtualSynchrony$Node deliver
INFORMAZIONI:  2: deliver multicast 33 from 0 within 2
